Start testing: Jun 17 00:10 EDT
----------------------------------------------------------
1/1 Testing: Test
1/1 Test: Test
Command: "/bin/test"
Directory: /Users/derekmallon/Projects/C++/geometry/bin
"Test" start time: Jun 17 00:10 EDT
Output:
----------------------------------------------------------
<end of output>
Test time =   0.00 sec
----------------------------------------------------------
Test Failed.
"Test" end time: Jun 17 00:10 EDT
"Test" time elapsed: 00:00:00
----------------------------------------------------------

End testing: Jun 17 00:10 EDT
